# JRE version: Java(TM) SE Runtime Environment (8.0_60-b27) (build 1.8.0_60-b27)
# Java VM: Java HotSpot(TM) 64-Bit Server VM (25.60-b23 mixed mode bsd-amd64 compressed oops)
Heap:
 PSYoungGen      total 175616K, used 67452K [0x00000007b0000000, 0x00000007c0000000, 0x00000007c0000000)
  eden space 130048K, 17% used [0x00000007b0000000,0x00000007b15db2d8,0x00000007b7f00000)
  from space 45568K, 98% used [0x00000007b7f00000,0x00000007bab04108,0x00000007bab80000)
  to   space 67584K, 0% used [0x00000007bbe00000,0x00000007bbe00000,0x00000007c0000000)
 ParOldGen       total 524288K, used 122689K [0x0000000790000000, 0x00000007b0000000, 0x00000007b0000000)
  object space 524288K, 23% used [0x0000000790000000,0x00000007977d07b0,0x00000007b0000000)
 Metaspace       used 76983K, capacity 81134K, committed 81240K, reserved 1120256K
  class space    used 9469K, capacity 10600K, committed 10624K, reserved 1048576K
GC Heap History (10 events):
Event: 18.486 GC heap before
{Heap before GC invocations=36 (full 3):
 PSYoungGen      total 202752K, used 190742K [0x00000007b0000000, 0x00000007c0000000, 0x00000007c0000000)
  eden space 149504K, 100% used [0x00000007b0000000,0x00000007b9200000,0x00000007b9200000)
  from space 53248K, 77% used [0x00000007bcc00000,0x00000007bf445ac0,0x00000007c0000000)
  to   space 56320K, 0% used [0x00000007b9200000,0x00000007b9200000,0x00000007bc900000)
 ParOldGen       total 524288K, used 122646K [0x0000000790000000, 0x00000007b0000000, 0x00000007b0000000)
  object space 524288K, 23% used [0x0000000790000000,0x00000007977c59d8,0x00000007b0000000)
 Metaspace       used 75312K, capacity 78488K, committed 78680K, reserved 1118208K
  class space    used 9129K, capacity 10068K, committed 10112K, reserved 1048576K
Event: 18.509 GC heap after
Heap after GC invocations=36 (full 3):
 PSYoungGen      total 193024K, used 43492K [0x00000007b0000000, 0x00000007c0000000, 0x00000007c0000000)
  eden space 149504K, 0% used [0x00000007b0000000,0x00000007b0000000,0x00000007b9200000)
  from space 43520K, 99% used [0x00000007b9200000,0x00000007bbc790c0,0x00000007bbc80000)
  to   space 59904K, 0% used [0x00000007bc580000,0x00000007bc580000,0x00000007c0000000)
 ParOldGen       total 524288K, used 122654K [0x0000000790000000, 0x00000007b0000000, 0x00000007b0000000)
  object space 524288K, 23% used [0x0000000790000000,0x00000007977c79d8,0x00000007b0000000)
 Metaspace       used 75312K, capacity 78488K, committed 78680K, reserved 1118208K
  class space    used 9129K, capacity 10068K, committed 10112K, reserved 1048576K
}
Event: 140.351 GC heap before
{Heap before GC invocations=37 (full 3):
 PSYoungGen      total 193024K, used 192996K [0x00000007b0000000, 0x00000007c0000000, 0x00000007c0000000)
  eden space 149504K, 100% used [0x00000007b0000000,0x00000007b9200000,0x00000007b9200000)
  from space 43520K, 99% used [0x00000007b9200000,0x00000007bbc790c0,0x00000007bbc80000)
  to   space 59904K, 0% used [0x00000007bc580000,0x00000007bc580000,0x00000007c0000000)
 ParOldGen       total 524288K, used 122657K [0x0000000790000000, 0x00000007b0000000, 0x00000007b0000000)
  object space 524288K, 23% used [0x0000000790000000,0x00000007977c87b0,0x00000007b0000000)
 Metaspace       used 75801K, capacity 79406K, committed 79576K, reserved 1118208K
  class space    used 9224K, capacity 10239K, committed 10240K, reserved 1048576K
Event: 140.369 GC heap after
Heap after GC invocations=37 (full 3):
 PSYoungGen      total 197120K, used 44116K [0x00000007b0000000, 0x00000007c0000000, 0x00000007c0000000)
  eden space 137216K, 0% used [0x00000007b0000000,0x00000007b0000000,0x00000007b8600000)
  from space 59904K, 73% used [0x00000007bc580000,0x00000007bf0950a0,0x00000007c0000000)
  to   space 62464K, 0% used [0x00000007b8600000,0x00000007b8600000,0x00000007bc300000)
 ParOldGen       total 524288K, used 122665K [0x0000000790000000, 0x00000007b0000000, 0x00000007b0000000)
  object space 524288K, 23% used [0x0000000790000000,0x00000007977ca7b0,0x00000007b0000000)
 Metaspace       used 75801K, capacity 79406K, committed 79576K, reserved 1118208K
  class space    used 9224K, capacity 10239K, committed 10240K, reserved 1048576K
}
Event: 246.980 GC heap before
{Heap before GC invocations=38 (full 3):
 PSYoungGen      total 197120K, used 181332K [0x00000007b0000000, 0x00000007c0000000, 0x00000007c0000000)
  eden space 137216K, 100% used [0x00000007b0000000,0x00000007b8600000,0x00000007b8600000)
  from space 59904K, 73% used [0x00000007bc580000,0x00000007bf0950a0,0x00000007c0000000)
  to   space 62464K, 0% used [0x00000007b8600000,0x00000007b8600000,0x00000007bc300000)
 ParOldGen       total 524288K, used 122665K [0x0000000790000000, 0x00000007b0000000, 0x00000007b0000000)
  object space 524288K, 23% used [0x0000000790000000,0x00000007977ca7b0,0x00000007b0000000)
 Metaspace       used 75971K, capacity 79850K, committed 79960K, reserved 1118208K
  class space    used 9254K, capacity 10291K, committed 10368K, reserved 1048576K
Event: 246.999 GC heap after
Heap after GC invocations=38 (full 3):
 PSYoungGen      total 181760K, used 44534K [0x00000007b0000000, 0x00000007c0000000, 0x00000007c0000000)
  eden space 137216K, 0% used [0x00000007b0000000,0x00000007b0000000,0x00000007b8600000)
  from space 44544K, 99% used [0x00000007b8600000,0x00000007bb17d990,0x00000007bb180000)
  to   space 64512K, 0% used [0x00000007bc100000,0x00000007bc100000,0x00000007c0000000)
 ParOldGen       total 524288K, used 122673K [0x0000000790000000, 0x00000007b0000000, 0x00000007b0000000)
  object space 524288K, 23% used [0x0000000790000000,0x00000007977cc7b0,0x00000007b0000000)
 Metaspace       used 75971K, capacity 79850K, committed 79960K, reserved 1118208K
  class space    used 9254K, capacity 10291K, committed 10368K, reserved 1048576K
}
Event: 261.032 GC heap before
{Heap before GC invocations=39 (full 3):
 PSYoungGen      total 181760K, used 181750K [0x00000007b0000000, 0x00000007c0000000, 0x00000007c0000000)
  eden space 137216K, 100% used [0x00000007b0000000,0x00000007b8600000,0x00000007b8600000)
  from space 44544K, 99% used [0x00000007b8600000,0x00000007bb17d990,0x00000007bb180000)
  to   space 64512K, 0% used [0x00000007bc100000,0x00000007bc100000,0x00000007c0000000)
 ParOldGen       total 524288K, used 122673K [0x0000000790000000, 0x00000007b0000000, 0x00000007b0000000)
  object space 524288K, 23% used [0x0000000790000000,0x00000007977cc7b0,0x00000007b0000000)
 Metaspace       used 76381K, capacity 80416K, committed 80600K, reserved 1120256K
  class space    used 9347K, capacity 10436K, committed 10496K, reserved 1048576K
Event: 261.050 GC heap after
Heap after GC invocations=39 (full 3):
 PSYoungGen      total 194560K, used 45188K [0x00000007b0000000, 0x00000007c0000000, 0x00000007c0000000)
  eden space 130048K, 0% used [0x00000007b0000000,0x00000007b0000000,0x00000007b7f00000)
  from space 64512K, 70% used [0x00000007bc100000,0x00000007bed21090,0x00000007c0000000)
  to   space 66048K, 0% used [0x00000007b7f00000,0x00000007b7f00000,0x00000007bbf80000)
 ParOldGen       total 524288K, used 122681K [0x0000000790000000, 0x00000007b0000000, 0x00000007b0000000)
  object space 524288K, 23% used [0x0000000790000000,0x00000007977ce7b0,0x00000007b0000000)
 Metaspace       used 76381K, capacity 80416K, committed 80600K, reserved 1120256K
  class space    used 9347K, capacity 10436K, committed 10496K, reserved 1048576K
}
Event: 398.996 GC heap before
{Heap before GC invocations=40 (full 3):
 PSYoungGen      total 194560K, used 175236K [0x00000007b0000000, 0x00000007c0000000, 0x00000007c0000000)
  eden space 130048K, 100% used [0x00000007b0000000,0x00000007b7f00000,0x00000007b7f00000)
  from space 64512K, 70% used [0x00000007bc100000,0x00000007bed21090,0x00000007c0000000)
  to   space 66048K, 0% used [0x00000007b7f00000,0x00000007b7f00000,0x00000007bbf80000)
 ParOldGen       total 524288K, used 122681K [0x0000000790000000, 0x00000007b0000000, 0x00000007b0000000)
  object space 524288K, 23% used [0x0000000790000000,0x00000007977ce7b0,0x00000007b0000000)
 Metaspace       used 76694K, capacity 80790K, committed 80984K, reserved 1120256K
  class space    used 9413K, capacity 10513K, committed 10624K, reserved 1048576K
Event: 399.018 GC heap after
Heap after GC invocations=40 (full 3):
 PSYoungGen      total 175616K, used 45072K [0x00000007b0000000, 0x00000007c0000000, 0x00000007c0000000)
  eden space 130048K, 0% used [0x00000007b0000000,0x00000007b0000000,0x00000007b7f00000)
  from space 45568K, 98% used [0x00000007b7f00000,0x00000007bab04108,0x00000007bab80000)
  to   space 67584K, 0% used [0x00000007bbe00000,0x00000007bbe00000,0x00000007c0000000)
 ParOldGen       total 524288K, used 122689K [0x0000000790000000, 0x00000007b0000000, 0x00000007b0000000)
  object space 524288K, 23% used [0x0000000790000000,0x00000007977d07b0,0x00000007b0000000)
 Metaspace       used 76694K, capacity 80790K, committed 80984K, reserved 1120256K
  class space    used 9413K, capacity 10513K, committed 10624K, reserved 1048576K
}

